
Erreur : 18-03-2019/15:31: Champs manquants dans l'ajout d'un enseignants;
Erreur : 18-03-2019/15:32: Champs manquants dans l'ajout d'un enseignants;
Erreur : 18-03-2019/15:32: Champs manquants dans l'ajout d'un enseignants;
Erreur : 18-03-2019/15:32: Champs manquants dans l'ajout d'un enseignants;
Erreur : 18-03-2019/15:35: Champs manquants dans l'ajout d'un enseignants;
Erreur : 18-03-2019/15:50: Champs manquants dans l'ajout d'un enseignants;
Erreur : 18-03-2019/15:50: Champs manquants dans l'ajout d'un enseignants;
Erreur : 18-03-2019/16:01: Compte utilisateur manquants pour ajouter l'enseignant sur la platforme;
Erreur : 19-03-2019/18:41: Emodifier.php : Erreur, transmission formulaire;
Erreur : 19-03-2019/18:42: Emodifier.php : Erreur, transmission formulaire;
Erreur : 19-03-2019/18:43: Emodifier.php : Erreur, transmission formulaire;
Erreur : 19-03-2019/18:44: Emodifier.php : Erreur, transmission formulaire;
Erreur : 19-03-2019/18:45: Emodifier.php : Erreur, transmission formulaire;
Erreur : 19-03-2019/18:46: Emodifier.php : Erreur, transmission formulaire;
Erreur : 19-03-2019/18:50: Emodifier.php : Erreur, transmission formulaire;
Erreur : 19-03-2019/18:51: Emodifier.php : Erreur, transmission formulaire;
Erreur : 19-03-2019/18:51: Emodifier.php : Erreur, transmission formulaire;
Erreur : 19-03-2019/18:56: Warning : nom manquant pour la modification (Emodifnom.php);
Erreur : 19-03-2019/18:57: Emodifier.php : Erreur, transmission formulaire;
Erreur : 19-03-2019/18:58: Warning : nom manquant pour la modification (Emodifnom.php);
Erreur : 19-03-2019/18:58: Emodifier.php : Erreur, transmission formulaire;
Erreur : 19-03-2019/18:59: Warning : nom manquant pour la modification (Emodifnom.php);
Erreur : 19-03-2019/18:59: Emodifier.php : Erreur, transmission formulaire;
Erreur : 19-03-2019/19:02: Warning : nom manquant pour la modification (Emodifnom.php);
Erreur : 19-03-2019/19:02: Emodifier.php : Erreur, transmission formulaire;
Erreur : 19-03-2019/19:13: Warning : nom manquant pour la modification (Emodifnom.php);
Erreur : 19-03-2019/19:15: Warning : nom manquant pour la modification (Emodifnom.php);
Erreur : 19-03-2019/19:15: Warning : nom manquant pour la modification (Emodifnom.php);
Erreur : 19-03-2019/19:17: Warning : nom manquant pour la modification (Emodifnom.php);
Erreur : 19-03-2019/19:18: Warning : nom manquant pour la modification (Emodifnom.php);
Erreur : 19-03-2019/19:19: Warning : nom manquant pour la modification (Emodifnom.php);
Erreur : 19-03-2019/19:45: Warning : nom manquant pour la modification (Emodifnom.php);
Erreur : 19-03-2019/19:48: Warning : nom manquant pour la modification (Emodifnom.php);
Erreur : 19-03-2019/19:48: Warning : nom manquant pour la modification (Emodifnom.php);
Erreur : 19-03-2019/19:49: Warning : nom manquant pour la modification (Emodifnom.php);
Erreur : 19-03-2019/19:52: Warning : nom manquant pour la modification (Emodifnom.php);
Erreur : 19-03-2019/19:53: Warning : nom manquant pour la modification (Emodifnom.php);
Erreur : 19-03-2019/19:55: Warning : nom manquant pour la modification (Emodifnom.php);
Erreur : 19-03-2019/19:56: Warning : nom manquant pour la modification (Emodifnom.php);
Erreur : 19-03-2019/20:00: Warning : nom manquant pour la modification (Emodifnom.php);
Erreur : 19-03-2019/20:08: Warning : nom manquant pour la modification (Emodifnom.php);
Erreur : 19-03-2019/20:09: Warning : nom manquant pour la modification (Emodifnom.php);
Erreur : 19-03-2019/20:10: Warning : nom manquant pour la modification (Emodifnom.php);
Erreur : 19-03-2019/20:11: Warning : nom manquant pour la modification (Emodifnom.php);
Erreur : 19-03-2019/20:13: Warning : nom manquant pour la modification (Emodifnom.php);
Erreur : 22-03-2019/16:20: Warning : Numéro de téléphone invalide (Emodifprenom.php);
Erreur : 22-03-2019/16:21: Warning : Numéro de téléphone invalide (Emodifprenom.php);
Erreur : 22-03-2019/16:22: Warning : Numéro de téléphone invalide (Emodifprenom.php);
Erreur : 22-03-2019/16:22: Warning : Numéro de téléphone invalide (Emodifprenom.php);
Erreur : 22-03-2019/16:22: Warning : Numéro de téléphone invalide (Emodifprenom.php);
Erreur : 22-03-2019/17:18: Warning : Numéro de téléphone invalide (Emodifprenom.php);
Erreur : 22-03-2019/17:18: Warning : Numéro de téléphone invalide (Emodifprenom.php);
Erreur : 22-03-2019/17:20: Warning : Numéro de téléphone manquant pour la modification (Emodifprenom.php);
Erreur : 22-03-2019/17:20: Warning : Numéro de téléphone invalide (Emodifprenom.php);
Erreur : 22-03-2019/17:22: Warning : Numéro de téléphone invalide (Emodifprenom.php);
Erreur : 22-03-2019/17:22: Warning : Numéro de téléphone invalide (Emodifprenom.php);
Erreur : 22-03-2019/17:23: Warning : Numéro de téléphone invalide (Emodifprenom.php);
Erreur : 22-03-2019/17:38: Warning : Numéro de téléphone invalide (Emodifprenom.php);
Erreur : 22-03-2019/17:38: Warning : Numéro de téléphone invalide (Emodifprenom.php);
Erreur : 22-03-2019/17:38: Warning : Numéro de téléphone invalide (Emodifprenom.php);
Erreur : 22-03-2019/17:46: Warning : Nom manquant pour la modification (Emodifnom.php);
Erreur : 23-03-2019/13:48: Champs manquants dans l'ajout d'un enseignants;
Erreur : 23-03-2019/13:52: Champs manquants dans l'ajout d'un module (Majout.php;
Erreur : 23-03-2019/14:46: Enseignant saisit n'existe pas (Majout.php;
Erreur : 23-03-2019/14:47: Enseignant saisit n'existe pas (Majout.php;
Erreur : 23-03-2019/14:48: Champs manquants dans l'ajout d'un module (Majout.php;
Erreur : 23-03-2019/14:48: Enseignant saisit n'existe pas (Majout.php;
Erreur : 23-03-2019/14:48: La catégorie saisie n'existe pas (Majout.php;
Erreur : 23-03-2019/14:48: Enseignant saisit n'existe pas (Majout.php;
Erreur : 23-03-2019/14:49: Enseignant saisit n'existe pas (Majout.php;
Erreur : 23-03-2019/14:50: La catégorie saisie n'existe pas (Majout.php;
Erreur : 23-03-2019/15:49: Warning : l'enseignant (EID) saisit n'existe pas;
Erreur : 23-03-2019/15:49: Warning : l'enseignant (EID) saisit n'existe pas;
Erreur : 23-03-2019/15:50: Warning : EID manquant pour la modification;
Erreur : 23-03-2019/15:52: Warning : l'enseignant (EID) saisit n'existe pas;
Erreur : 23-03-2019/15:55: Warning : l'enseignant (EID) saisit n'existe pas;
Erreur : 23-03-2019/16:01: Warning : la catégorie (CID) saisie n'existe pas;
Erreur : 23-03-2019/16:01: Warning : CID manquant pour la modification;
Erreur : 23-03-2019/16:28: Le module saisit n'existe pas;
Erreur : 23-03-2019/16:59: Warning : le module (MID) saisi n'existe pas;
Erreur : 23-03-2019/16:59: Warning : MID manquant pour la modification;
Erreur : 23-03-2019/17:13: Warning : le gtype (GTID) saisi n'existe pas;
Erreur : 23-03-2019/18:19: Le nom saisit existe déjà;
Erreur : 23-03-2019/18:22: Champs manquants ou invalide dans l'ajout d'un gtype;
Erreur : 23-03-2019/18:22: Le nom saisit existe déjà;
Erreur : 23-03-2019/18:47: Le nom saisit existe déjà;
Erreur : 23-03-2019/18:48: Warning : volume horraire manquant pour la modification;
Erreur : 23-03-2019/18:48: Warning : Nom manquant pour la modification;
Erreur : 24-03-2019/17:56: Impossible de supprimer le groupe;
Erreur : 24-03-2019/18:08: Impossible de supprimer le groupe;
Erreur : 24-03-2019/18:08: Impossible de supprimer le groupe;
Erreur : 24-03-2019/18:09: Impossible de supprimer le groupe;
Erreur : 24-03-2019/18:11: Impossible de supprimer le groupe;
Erreur : 24-03-2019/18:12: Impossible de supprimer le groupe;
Erreur : 24-03-2019/18:12: Impossible de supprimer le groupe;
Erreur : 24-03-2019/18:16: Impossible de supprimer le groupe;
Erreur : 24-03-2019/18:17: Impossible de supprimer le groupe;
Erreur : 24-03-2019/18:17: Impossible de supprimer le groupe;
Erreur : 01-04-2019/15:54: Champs manquants dans l'ajout d'un enseignants;
Erreur : 01-04-2019/15:54: Compte utilisateur manquants pour ajouter l'enseignant sur la platforme;
Erreur : 01-04-2019/18:08: Problème dans le formulaire de suppression d'affectation;
Erreur : 01-04-2019/18:09: Problème dans le formulaire de suppression d'affectation;
Erreur : 08-04-2019/17:15: Champs manquants dans l'ajout d'un module (Majout.php;
Erreur : 08-04-2019/17:15: La catégorie saisie n'existe pas (Majout.php;
Erreur : 08-04-2019/17:15: Champs manquants dans l'ajout d'un module (Majout.php;
Erreur : 08-04-2019/17:15: Enseignant saisit n'existe pas (Majout.php;
Erreur : 08-04-2019/17:15: Champs manquants dans l'ajout d'un module (Majout.php;
Erreur : 08-04-2019/17:15: Enseignant saisit n'existe pas (Majout.php;
Erreur : 08-04-2019/17:15: Champs manquants dans l'ajout d'un module (Majout.php;
Erreur : 08-04-2019/17:15: Enseignant saisit n'existe pas (Majout.php;
Erreur : 08-04-2019/17:15: Champs manquants dans l'ajout d'un module (Majout.php;
Erreur : 08-04-2019/17:15: La catégorie saisie n'existe pas (Majout.php;
